Num of training items is 703
Ratio of positive samples 0.47368421052631576
Num of test items is 235
Ratio of positive samples 0.5361702127659574
------------------------------------------------
--------------------Epoch: 0----------------------
train loss: 0.6560313180088997
test loss :  0.580223624408245
Performance:
Precision = 0.5384615384615384 Recall = 1.0 F1 = 0.7000000000000001
ACC = 0.5404255319148936
--------------------------------------------------------------------
--------------------Epoch: 1----------------------
train loss: 0.5664074706935114
test loss :  0.48487201854586603
Performance:
Precision = 0.7533333333333333 Recall = 0.8968253968253969 F1 = 0.818840579710145
ACC = 0.7872340425531915
--------------------------------------------------------------------
--------------------Epoch: 2----------------------
train loss: 0.43082198584752696
test loss :  0.3774075947701931
Performance:
Precision = 0.7763157894736842 Recall = 0.9365079365079365 F1 = 0.8489208633093525
ACC = 0.8212765957446808
--------------------------------------------------------------------
--------------------Epoch: 3----------------------
train loss: 0.3317866700310861
test loss :  0.4533607129007578
Performance:
Precision = 0.8598130841121495 Recall = 0.7301587301587301 F1 = 0.7896995708154506
ACC = 0.7914893617021277
--------------------------------------------------------------------
--------------------Epoch: 4----------------------
train loss: 0.28138601828006005
test loss :  0.32126767933368683
Performance:
Precision = 0.8175182481751825 Recall = 0.8888888888888888 F1 = 0.8517110266159696
ACC = 0.8340425531914893
--------------------------------------------------------------------
--------------------Epoch: 5----------------------
train loss: 0.24479292128835956
test loss :  0.32180815041065214
Performance:
Precision = 0.8214285714285714 Recall = 0.9126984126984127 F1 = 0.8646616541353382
ACC = 0.8468085106382979
--------------------------------------------------------------------
--------------------Epoch: 6----------------------
train loss: 0.21984111373462983
test loss :  0.3145675495266914
Performance:
Precision = 0.8409090909090909 Recall = 0.8809523809523809 F1 = 0.8604651162790699
ACC = 0.8468085106382979
--------------------------------------------------------------------
--------------------Epoch: 7----------------------
train loss: 0.212417870759964
test loss :  0.3348608341999352
Performance:
Precision = 0.8285714285714286 Recall = 0.9206349206349206 F1 = 0.8721804511278196
ACC = 0.8553191489361702
--------------------------------------------------------------------
--------------------Epoch: 8----------------------
train loss: 0.2128284913637946
test loss :  0.3452614972367883
Performance:
Precision = 0.8296296296296296 Recall = 0.8888888888888888 F1 = 0.8582375478927203
ACC = 0.8425531914893617
--------------------------------------------------------------------
--------------------Epoch: 9----------------------
train loss: 0.20369194123533466
test loss :  0.3352672606240958
Performance:
Precision = 0.8273381294964028 Recall = 0.9126984126984127 F1 = 0.8679245283018867
ACC = 0.851063829787234
--------------------------------------------------------------------
--------------------Epoch: 10----------------------
train loss: 0.20271163037227047
test loss :  0.35469414545223116
Performance:
Precision = 0.8432835820895522 Recall = 0.8968253968253969 F1 = 0.8692307692307691
ACC = 0.8553191489361702
--------------------------------------------------------------------
--------------------Epoch: 11----------------------
train loss: 0.20153900620437437
test loss :  0.3710478454828262
Performance:
Precision = 0.8492063492063492 Recall = 0.8492063492063492 F1 = 0.8492063492063493
ACC = 0.8382978723404255
--------------------------------------------------------------------
--------------------Epoch: 12----------------------
train loss: 0.2033584507242326
test loss :  0.3475237770471722
Performance:
Precision = 0.8333333333333334 Recall = 0.9126984126984127 F1 = 0.8712121212121212
ACC = 0.8553191489361702
--------------------------------------------------------------------
--------------------Epoch: 13----------------------
train loss: 0.20372661455504357
test loss :  0.35140473432838915
Performance:
Precision = 0.8461538461538461 Recall = 0.873015873015873 F1 = 0.859375
ACC = 0.8468085106382979
--------------------------------------------------------------------
--------------------Epoch: 14----------------------
train loss: 0.1998437096274668
test loss :  0.40280174938961866
Performance:
Precision = 0.8467741935483871 Recall = 0.8333333333333334 F1 = 0.84
ACC = 0.8297872340425532
--------------------------------------------------------------------
Train over!!!
Performance:
Precision = 0.8285714285714286 Recall = 0.9206349206349206 F1 = 0.8721804511278196
ACC = 0.8553191489361702
--------------------------------------------------------------------
