Num of training items is 703
Ratio of positive samples 0.47368421052631576
Num of test items is 235
Ratio of positive samples 0.5361702127659574
------------------------------------------------
--------------------Epoch: 0----------------------
train loss: 0.61824144549698
test loss :  0.4769625771790743
Performance:
Precision = 0.6857142857142857 Recall = 0.9523809523809523 F1 = 0.7973421926910299
ACC = 0.7404255319148936
--------------------------------------------------------------------
--------------------Epoch: 1----------------------
train loss: 0.4034900152490207
test loss :  0.4558648081496358
Performance:
Precision = 0.8636363636363636 Recall = 0.753968253968254 F1 = 0.8050847457627118
ACC = 0.8042553191489362
--------------------------------------------------------------------
--------------------Epoch: 2----------------------
train loss: 0.26735838210051843
test loss :  0.3242358099669218
Performance:
Precision = 0.8194444444444444 Recall = 0.9365079365079365 F1 = 0.874074074074074
ACC = 0.8553191489361702
--------------------------------------------------------------------
--------------------Epoch: 3----------------------
train loss: 0.22938894199938908
test loss :  0.42813830524683
Performance:
Precision = 0.8761061946902655 Recall = 0.7857142857142857 F1 = 0.8284518828451883
ACC = 0.825531914893617
--------------------------------------------------------------------
--------------------Epoch: 4----------------------
train loss: 0.20832660872685282
test loss :  0.32454609936103224
Performance:
Precision = 0.8308823529411765 Recall = 0.8968253968253969 F1 = 0.8625954198473282
ACC = 0.8468085106382979
--------------------------------------------------------------------
--------------------Epoch: 5----------------------
train loss: 0.20489383461745644
test loss :  0.3554735460318625
Performance:
Precision = 0.859375 Recall = 0.873015873015873 F1 = 0.8661417322834646
ACC = 0.8553191489361702
--------------------------------------------------------------------
--------------------Epoch: 6----------------------
train loss: 0.2035797013324282
test loss :  0.3588045934215188
Performance:
Precision = 0.84251968503937 Recall = 0.8492063492063492 F1 = 0.8458498023715415
ACC = 0.8340425531914893
--------------------------------------------------------------------
--------------------Epoch: 7----------------------
train loss: 0.2003388693820127
test loss :  0.3852373458445072
Performance:
Precision = 0.8629032258064516 Recall = 0.8492063492063492 F1 = 0.856
ACC = 0.8468085106382979
--------------------------------------------------------------------
--------------------Epoch: 8----------------------
train loss: 0.19994377160844531
test loss :  0.3720681673847139
Performance:
Precision = 0.8671875 Recall = 0.8809523809523809 F1 = 0.874015748031496
ACC = 0.8638297872340426
--------------------------------------------------------------------
--------------------Epoch: 9----------------------
train loss: 0.19912987048568032
test loss :  0.35742631210014225
Performance:
Precision = 0.8345323741007195 Recall = 0.9206349206349206 F1 = 0.8754716981132075
ACC = 0.8595744680851064
--------------------------------------------------------------------
--------------------Epoch: 10----------------------
train loss: 0.19910198244971303
test loss :  0.3497304773889482
Performance:
Precision = 0.8273381294964028 Recall = 0.9126984126984127 F1 = 0.8679245283018867
ACC = 0.851063829787234
--------------------------------------------------------------------
--------------------Epoch: 11----------------------
train loss: 0.1993614216203149
test loss :  0.3763260131701827
Performance:
Precision = 0.8308823529411765 Recall = 0.8968253968253969 F1 = 0.8625954198473282
ACC = 0.8468085106382979
--------------------------------------------------------------------
--------------------Epoch: 12----------------------
train loss: 0.1991430528854069
test loss :  0.3760407161898911
Performance:
Precision = 0.8248175182481752 Recall = 0.8968253968253969 F1 = 0.8593155893536121
ACC = 0.8425531914893617
--------------------------------------------------------------------
--------------------Epoch: 13----------------------
train loss: 0.19886464272674761
test loss :  0.40322667034342885
Performance:
Precision = 0.8257575757575758 Recall = 0.8650793650793651 F1 = 0.8449612403100776
ACC = 0.8297872340425532
--------------------------------------------------------------------
--------------------Epoch: 14----------------------
train loss: 0.19885981698267854
test loss :  0.4039680202491581
Performance:
Precision = 0.8244274809160306 Recall = 0.8571428571428571 F1 = 0.8404669260700388
ACC = 0.825531914893617
--------------------------------------------------------------------
--------------------Epoch: 15----------------------
train loss: 0.19877432407396525
test loss :  0.3873333342373371
Performance:
Precision = 0.8283582089552238 Recall = 0.8809523809523809 F1 = 0.8538461538461538
ACC = 0.8382978723404255
--------------------------------------------------------------------
--------------------Epoch: 16----------------------
train loss: 0.19870631758742005
test loss :  0.37324187755584715
Performance:
Precision = 0.8296296296296296 Recall = 0.8888888888888888 F1 = 0.8582375478927203
ACC = 0.8425531914893617
--------------------------------------------------------------------
Train over!!!
Performance:
Precision = 0.8345323741007195 Recall = 0.9206349206349206 F1 = 0.8754716981132075
ACC = 0.8595744680851064
--------------------------------------------------------------------
