Num of training items is 703
Ratio of positive samples 0.47368421052631576
Num of test items is 235
Ratio of positive samples 0.5361702127659574
------------------------------------------------
--------------------Epoch: 0----------------------
train loss: 0.5718343549291132
test loss :  0.4248817928135395
Performance:
Precision = 0.7832167832167832 Recall = 0.8888888888888888 F1 = 0.8327137546468402
ACC = 0.8085106382978723
--------------------------------------------------------------------
--------------------Epoch: 1----------------------
train loss: 0.31469629536032195
test loss :  0.4842077371664345
Performance:
Precision = 0.8785046728971962 Recall = 0.746031746031746 F1 = 0.8068669527896996
ACC = 0.8085106382978723
--------------------------------------------------------------------
--------------------Epoch: 2----------------------
train loss: 0.23928883943239204
test loss :  0.3303310498595238
Performance:
Precision = 0.8169014084507042 Recall = 0.9206349206349206 F1 = 0.8656716417910447
ACC = 0.8468085106382979
--------------------------------------------------------------------
--------------------Epoch: 3----------------------
train loss: 0.22733221489649552
test loss :  0.608563086297363
Performance:
Precision = 0.8557692307692307 Recall = 0.7063492063492064 F1 = 0.7739130434782608
ACC = 0.7787234042553192
--------------------------------------------------------------------
--------------------Epoch: 4----------------------
train loss: 0.20862028286283316
test loss :  0.33787719015963374
Performance:
Precision = 0.8507462686567164 Recall = 0.9047619047619048 F1 = 0.8769230769230769
ACC = 0.8638297872340426
--------------------------------------------------------------------
--------------------Epoch: 5----------------------
train loss: 0.20613969747836774
test loss :  0.34350462020374833
Performance:
Precision = 0.7935483870967742 Recall = 0.9761904761904762 F1 = 0.8754448398576512
ACC = 0.851063829787234
--------------------------------------------------------------------
--------------------Epoch: 6----------------------
train loss: 0.20213221285024635
test loss :  0.37425803719088435
Performance:
Precision = 0.8518518518518519 Recall = 0.9126984126984127 F1 = 0.8812260536398467
ACC = 0.8680851063829788
--------------------------------------------------------------------
--------------------Epoch: 7----------------------
train loss: 0.19919467816951303
test loss :  0.3811469583772123
Performance:
Precision = 0.8518518518518519 Recall = 0.9126984126984127 F1 = 0.8812260536398467
ACC = 0.8680851063829788
--------------------------------------------------------------------
--------------------Epoch: 8----------------------
train loss: 0.19911621619573971
test loss :  0.39090360412374137
Performance:
Precision = 0.849624060150376 Recall = 0.8968253968253969 F1 = 0.8725868725868726
ACC = 0.8595744680851064
--------------------------------------------------------------------
--------------------Epoch: 9----------------------
train loss: 0.19899772765182774
test loss :  0.39104645010083916
Performance:
Precision = 0.8484848484848485 Recall = 0.8888888888888888 F1 = 0.8682170542635659
ACC = 0.8553191489361702
--------------------------------------------------------------------
--------------------Epoch: 10----------------------
train loss: 0.2068480642942282
test loss :  0.3295219152700156
Performance:
Precision = 0.8287671232876712 Recall = 0.9603174603174603 F1 = 0.8897058823529411
ACC = 0.8723404255319149
--------------------------------------------------------------------
--------------------Epoch: 11----------------------
train loss: 0.2142462347924468
test loss :  0.5141132268123328
Performance:
Precision = 0.8235294117647058 Recall = 0.8888888888888888 F1 = 0.8549618320610687
ACC = 0.8382978723404255
--------------------------------------------------------------------
--------------------Epoch: 12----------------------
train loss: 0.20778730698683967
test loss :  0.5087311706505716
Performance:
Precision = 0.8244274809160306 Recall = 0.8571428571428571 F1 = 0.8404669260700388
ACC = 0.825531914893617
--------------------------------------------------------------------
--------------------Epoch: 13----------------------
train loss: 0.200169847984063
test loss :  0.42498045349493624
Performance:
Precision = 0.8169014084507042 Recall = 0.9206349206349206 F1 = 0.8656716417910447
ACC = 0.8468085106382979
--------------------------------------------------------------------
--------------------Epoch: 14----------------------
train loss: 0.19895167612595113
test loss :  0.4392190184444189
Performance:
Precision = 0.8201438848920863 Recall = 0.9047619047619048 F1 = 0.860377358490566
ACC = 0.8425531914893617
--------------------------------------------------------------------
--------------------Epoch: 15----------------------
train loss: 0.2016193487262919
test loss :  0.42743740491569043
Performance:
Precision = 0.8181818181818182 Recall = 0.9285714285714286 F1 = 0.8698884758364314
ACC = 0.851063829787234
--------------------------------------------------------------------
--------------------Epoch: 16----------------------
train loss: 0.19884590593426815
test loss :  0.44496033415198327
Performance:
Precision = 0.8382352941176471 Recall = 0.9047619047619048 F1 = 0.8702290076335878
ACC = 0.8553191489361702
--------------------------------------------------------------------
--------------------Epoch: 17----------------------
train loss: 0.19882476830530746
test loss :  0.43707483299076555
Performance:
Precision = 0.8345323741007195 Recall = 0.9206349206349206 F1 = 0.8754716981132075
ACC = 0.8595744680851064
--------------------------------------------------------------------
Train over!!!
Performance:
Precision = 0.8287671232876712 Recall = 0.9603174603174603 F1 = 0.8897058823529411
ACC = 0.8723404255319149
--------------------------------------------------------------------
