Num of training items is 703
Ratio of positive samples 0.47368421052631576
Num of test items is 235
Ratio of positive samples 0.5361702127659574
------------------------------------------------
--------------------Epoch: 0----------------------
train loss: 0.5718343549291132
test loss :  0.48963872864842417
Performance:
Precision = 0.6914285714285714 Recall = 0.9603174603174603 F1 = 0.8039867109634552
ACC = 0.7489361702127659
--------------------------------------------------------------------
--------------------Epoch: 1----------------------
train loss: 0.31469629536032195
test loss :  0.34235552763566374
Performance:
Precision = 0.7828947368421053 Recall = 0.9444444444444444 F1 = 0.8561151079136691
ACC = 0.8297872340425532
--------------------------------------------------------------------
--------------------Epoch: 2----------------------
train loss: 0.23928883943239204
test loss :  0.315436518099159
Performance:
Precision = 0.8125 Recall = 0.9285714285714286 F1 = 0.8666666666666666
ACC = 0.8468085106382979
--------------------------------------------------------------------
--------------------Epoch: 3----------------------
train loss: 0.22733221489649552
test loss :  0.3198890628293157
Performance:
Precision = 0.8321678321678322 Recall = 0.9444444444444444 F1 = 0.8847583643122676
ACC = 0.8680851063829788
--------------------------------------------------------------------
--------------------Epoch: 4----------------------
train loss: 0.20862028286283316
test loss :  0.31757817501202223
Performance:
Precision = 0.8428571428571429 Recall = 0.9365079365079365 F1 = 0.887218045112782
ACC = 0.8723404255319149
--------------------------------------------------------------------
--------------------Epoch: 5----------------------
train loss: 0.20613969747836774
test loss :  0.33600452593527735
Performance:
Precision = 0.8518518518518519 Recall = 0.9126984126984127 F1 = 0.8812260536398467
ACC = 0.8680851063829788
--------------------------------------------------------------------
--------------------Epoch: 6----------------------
train loss: 0.20213221285024635
test loss :  0.3740199179854244
Performance:
Precision = 0.849624060150376 Recall = 0.8968253968253969 F1 = 0.8725868725868726
ACC = 0.8595744680851064
--------------------------------------------------------------------
--------------------Epoch: 7----------------------
train loss: 0.19919467816951303
test loss :  0.3814280859194696
Performance:
Precision = 0.8507462686567164 Recall = 0.9047619047619048 F1 = 0.8769230769230769
ACC = 0.8638297872340426
--------------------------------------------------------------------
--------------------Epoch: 8----------------------
train loss: 0.19911621619573971
test loss :  0.40507952105253936
Performance:
Precision = 0.8473282442748091 Recall = 0.8809523809523809 F1 = 0.8638132295719844
ACC = 0.851063829787234
--------------------------------------------------------------------
--------------------Epoch: 9----------------------
train loss: 0.19899772765182774
test loss :  0.4085194582119584
Performance:
Precision = 0.8538461538461538 Recall = 0.8809523809523809 F1 = 0.8671875
ACC = 0.8553191489361702
--------------------------------------------------------------------
--------------------Epoch: 10----------------------
train loss: 0.2068480642942282
test loss :  0.3464397324249148
Performance:
Precision = 0.8231292517006803 Recall = 0.9603174603174603 F1 = 0.8864468864468865
ACC = 0.8680851063829788
--------------------------------------------------------------------
--------------------Epoch: 11----------------------
train loss: 0.2142462347924468
test loss :  0.40853389352560043
Performance:
Precision = 0.8181818181818182 Recall = 0.9285714285714286 F1 = 0.8698884758364314
ACC = 0.851063829787234
--------------------------------------------------------------------
Train over!!!
Performance:
Precision = 0.8428571428571429 Recall = 0.9365079365079365 F1 = 0.887218045112782
ACC = 0.8723404255319149
--------------------------------------------------------------------
