Num of training items is 703
Ratio of positive samples 0.47368421052631576
Num of test items is 235
Ratio of positive samples 0.5361702127659574
------------------------------------------------
--------------------Epoch: 0----------------------
train loss: 0.6458350823771569
test loss :  0.6201048463582992
Performance:
Precision = 0.5454545454545454 Recall = 1.0 F1 = 0.7058823529411764
ACC = 0.5531914893617021
--------------------------------------------------------------------
--------------------Epoch: 1----------------------
train loss: 0.4748776736519029
test loss :  0.46580114439129827
Performance:
Precision = 0.7305389221556886 Recall = 0.9682539682539683 F1 = 0.832764505119454
ACC = 0.7914893617021277
--------------------------------------------------------------------
--------------------Epoch: 2----------------------
train loss: 0.3346474809992698
test loss :  0.33527210876345637
Performance:
Precision = 0.8095238095238095 Recall = 0.9444444444444444 F1 = 0.8717948717948718
ACC = 0.851063829787234
--------------------------------------------------------------------
--------------------Epoch: 3----------------------
train loss: 0.2833201041625392
test loss :  0.30986132826656104
Performance:
Precision = 0.8111888111888111 Recall = 0.9206349206349206 F1 = 0.862453531598513
ACC = 0.8425531914893617
--------------------------------------------------------------------
--------------------Epoch: 4----------------------
train loss: 0.24958226072692102
test loss :  0.3025047151371837
Performance:
Precision = 0.8085106382978723 Recall = 0.9047619047619048 F1 = 0.853932584269663
ACC = 0.8340425531914893
--------------------------------------------------------------------
--------------------Epoch: 5----------------------
train loss: 0.22231643442665378
test loss :  0.30916423206217586
Performance:
Precision = 0.8308823529411765 Recall = 0.8968253968253969 F1 = 0.8625954198473282
ACC = 0.8468085106382979
--------------------------------------------------------------------
--------------------Epoch: 6----------------------
train loss: 0.2161206783306214
test loss :  0.3016074205283076
Performance:
Precision = 0.8156028368794326 Recall = 0.9126984126984127 F1 = 0.8614232209737828
ACC = 0.8425531914893617
--------------------------------------------------------------------
--------------------Epoch: 7----------------------
train loss: 0.21119561250652036
test loss :  0.3165466207079589
Performance:
Precision = 0.8455882352941176 Recall = 0.9126984126984127 F1 = 0.8778625954198472
ACC = 0.8638297872340426
--------------------------------------------------------------------
--------------------Epoch: 8----------------------
train loss: 0.20836872162838135
test loss :  0.3101342264562845
Performance:
Precision = 0.8455882352941176 Recall = 0.9126984126984127 F1 = 0.8778625954198472
ACC = 0.8638297872340426
--------------------------------------------------------------------
--------------------Epoch: 9----------------------
train loss: 0.22043983337859954
test loss :  0.3230737399775535
Performance:
Precision = 0.8333333333333334 Recall = 0.9126984126984127 F1 = 0.8712121212121212
ACC = 0.8553191489361702
--------------------------------------------------------------------
--------------------Epoch: 10----------------------
train loss: 0.20555352011034567
test loss :  0.3387706680689007
Performance:
Precision = 0.8444444444444444 Recall = 0.9047619047619048 F1 = 0.8735632183908046
ACC = 0.8595744680851064
--------------------------------------------------------------------
--------------------Epoch: 11----------------------
train loss: 0.20267292628845862
test loss :  0.37961977822706106
Performance:
Precision = 0.8384615384615385 Recall = 0.8650793650793651 F1 = 0.8515625
ACC = 0.8382978723404255
--------------------------------------------------------------------
--------------------Epoch: 12----------------------
train loss: 0.20132360294941934
test loss :  0.35251582390628755
Performance:
Precision = 0.8308823529411765 Recall = 0.8968253968253969 F1 = 0.8625954198473282
ACC = 0.8468085106382979
--------------------------------------------------------------------
--------------------Epoch: 13----------------------
train loss: 0.20111049315141094
test loss :  0.3759382601827383
Performance:
Precision = 0.8345864661654135 Recall = 0.8809523809523809 F1 = 0.8571428571428571
ACC = 0.8425531914893617
--------------------------------------------------------------------
--------------------Epoch: 14----------------------
train loss: 0.19941991783918872
test loss :  0.3782208372838795
Performance:
Precision = 0.8409090909090909 Recall = 0.8809523809523809 F1 = 0.8604651162790699
ACC = 0.8468085106382979
--------------------------------------------------------------------
Train over!!!
Performance:
Precision = 0.8455882352941176 Recall = 0.9126984126984127 F1 = 0.8778625954198472
ACC = 0.8638297872340426
--------------------------------------------------------------------
