Num of training items is 703
Ratio of positive samples 0.47368421052631576
Num of test items is 235
Ratio of positive samples 0.5361702127659574
------------------------------------------------
original corpus contains 7519 words
final vocab contains 7523 words
--------------------Epoch: 0----------------------
train loss: 0.6509175252529883
test loss :  0.7028527617454529
Performance:
Precision = 0.543859649122807 Recall = 0.9841269841269841 F1 = 0.7005649717514124
ACC = 0.548936170212766
--------------------------------------------------------------------
--------------------Epoch: 1----------------------
train loss: 0.602630237898519
test loss :  0.6996616125106812
Performance:
Precision = 0.6129032258064516 Recall = 0.9047619047619048 F1 = 0.7307692307692307
ACC = 0.6425531914893617
--------------------------------------------------------------------
--------------------Epoch: 2----------------------
train loss: 0.5454133249098255
test loss :  0.7598931640386581
Performance:
Precision = 0.6020408163265306 Recall = 0.9365079365079365 F1 = 0.732919254658385
ACC = 0.6340425531914894
--------------------------------------------------------------------
--------------------Epoch: 3----------------------
train loss: 0.4932568727001067
test loss :  0.765563289821148
Performance:
Precision = 0.6136363636363636 Recall = 0.8571428571428571 F1 = 0.7152317880794702
ACC = 0.6340425531914894
--------------------------------------------------------------------
--------------------Epoch: 4----------------------
train loss: 0.45633776245578644
test loss :  0.6907494768500329
Performance:
Precision = 0.6758620689655173 Recall = 0.7777777777777778 F1 = 0.7232472324723248
ACC = 0.6808510638297872
--------------------------------------------------------------------
--------------------Epoch: 5----------------------
train loss: 0.43763302410802535
test loss :  0.7315926000475883
Performance:
Precision = 0.6379310344827587 Recall = 0.8809523809523809 F1 = 0.7400000000000001
ACC = 0.6680851063829787
--------------------------------------------------------------------
--------------------Epoch: 6----------------------
train loss: 0.4111868277672798
test loss :  0.6763441860675812
Performance:
Precision = 0.6802721088435374 Recall = 0.7936507936507936 F1 = 0.7326007326007326
ACC = 0.6893617021276596
--------------------------------------------------------------------
--------------------Epoch: 7----------------------
train loss: 0.37634000182151794
test loss :  0.7412284508347511
Performance:
Precision = 0.6325301204819277 Recall = 0.8333333333333334 F1 = 0.7191780821917808
ACC = 0.6510638297872341
--------------------------------------------------------------------
--------------------Epoch: 8----------------------
train loss: 0.3517662190621899
test loss :  0.7157584100961685
Performance:
Precision = 0.7358490566037735 Recall = 0.6190476190476191 F1 = 0.6724137931034483
ACC = 0.676595744680851
--------------------------------------------------------------------
--------------------Epoch: 9----------------------
train loss: 0.35713713111415984
test loss :  0.7035510092973709
Performance:
Precision = 0.6712328767123288 Recall = 0.7777777777777778 F1 = 0.7205882352941178
ACC = 0.676595744680851
--------------------------------------------------------------------
--------------------Epoch: 10----------------------
train loss: 0.3321509647273248
test loss :  0.7164655014872551
Performance:
Precision = 0.6711409395973155 Recall = 0.7936507936507936 F1 = 0.7272727272727273
ACC = 0.6808510638297872
--------------------------------------------------------------------
--------------------Epoch: 11----------------------
train loss: 0.3241817633951864
test loss :  0.6933851227164268
Performance:
Precision = 0.7034482758620689 Recall = 0.8095238095238095 F1 = 0.7527675276752768
ACC = 0.7148936170212766
--------------------------------------------------------------------
--------------------Epoch: 12----------------------
train loss: 0.31283083365809533
test loss :  0.6957546472549438
Performance:
Precision = 0.6875 Recall = 0.7857142857142857 F1 = 0.7333333333333334
ACC = 0.6936170212765957
--------------------------------------------------------------------
--------------------Epoch: 13----------------------
train loss: 0.31065723035604725
test loss :  0.7502090543508529
Performance:
Precision = 0.6708860759493671 Recall = 0.8412698412698413 F1 = 0.7464788732394366
ACC = 0.6936170212765957
--------------------------------------------------------------------
--------------------Epoch: 14----------------------
train loss: 0.27731029473004803
test loss :  0.7136053696274758
Performance:
Precision = 0.6758620689655173 Recall = 0.7777777777777778 F1 = 0.7232472324723248
ACC = 0.6808510638297872
--------------------------------------------------------------------
--------------------Epoch: 15----------------------
train loss: 0.2900391605592543
test loss :  0.7262999340891838
Performance:
Precision = 0.6710526315789473 Recall = 0.8095238095238095 F1 = 0.7338129496402879
ACC = 0.6851063829787234
--------------------------------------------------------------------
--------------------Epoch: 16----------------------
train loss: 0.27996690066591384
test loss :  0.7265773355960846
Performance:
Precision = 0.673202614379085 Recall = 0.8174603174603174 F1 = 0.7383512544802867
ACC = 0.6893617021276596
--------------------------------------------------------------------
--------------------Epoch: 17----------------------
train loss: 0.28579566315297156
test loss :  0.7153718277812005
Performance:
Precision = 0.6776315789473685 Recall = 0.8174603174603174 F1 = 0.7410071942446044
ACC = 0.6936170212765957
--------------------------------------------------------------------
--------------------Epoch: 18----------------------
train loss: 0.2903420848231162
test loss :  0.7278582945466041
Performance:
Precision = 0.6751592356687898 Recall = 0.8412698412698413 F1 = 0.7491166077738515
ACC = 0.6978723404255319
--------------------------------------------------------------------
Train over!!!
Performance:
Precision = 0.7034482758620689 Recall = 0.8095238095238095 F1 = 0.7527675276752768
ACC = 0.7148936170212766
--------------------------------------------------------------------
