Num of training items is 703
Ratio of positive samples 0.47368421052631576
Num of test items is 235
Ratio of positive samples 0.5361702127659574
------------------------------------------------
original corpus contains 7519 words
final vocab contains 7523 words
--------------------Epoch: 0----------------------
train loss: 0.6313884818265515
test loss :  0.690676075220108
Performance:
Precision = 0.5700483091787439 Recall = 0.9365079365079365 F1 = 0.7087087087087087
ACC = 0.5872340425531914
--------------------------------------------------------------------
--------------------Epoch: 1----------------------
train loss: 0.541187166686981
test loss :  0.767766734957695
Performance:
Precision = 0.5906735751295337 Recall = 0.9047619047619048 F1 = 0.7147335423197492
ACC = 0.6127659574468085
--------------------------------------------------------------------
--------------------Epoch: 2----------------------
train loss: 0.4410038174640748
test loss :  0.669067008793354
Performance:
Precision = 0.7448979591836735 Recall = 0.5793650793650794 F1 = 0.6517857142857143
ACC = 0.6680851063829787
--------------------------------------------------------------------
--------------------Epoch: 3----------------------
train loss: 0.4138209200914829
test loss :  0.6850152403116226
Performance:
Precision = 0.7029702970297029 Recall = 0.5634920634920635 F1 = 0.6255506607929515
ACC = 0.6382978723404256
--------------------------------------------------------------------
--------------------Epoch: 4----------------------
train loss: 0.3625335387525059
test loss :  0.6922995075583458
Performance:
Precision = 0.6829268292682927 Recall = 0.6666666666666666 F1 = 0.674698795180723
ACC = 0.6553191489361702
--------------------------------------------------------------------
--------------------Epoch: 5----------------------
train loss: 0.2983613894170811
test loss :  0.7210428506135941
Performance:
Precision = 0.6423841059602649 Recall = 0.7698412698412699 F1 = 0.700361010830325
ACC = 0.6468085106382979
--------------------------------------------------------------------
--------------------Epoch: 6----------------------
train loss: 0.24886771648251002
test loss :  0.6981378778815269
Performance:
Precision = 0.7350427350427351 Recall = 0.6825396825396826 F1 = 0.7078189300411523
ACC = 0.6978723404255319
--------------------------------------------------------------------
--------------------Epoch: 7----------------------
train loss: 0.23512957707768486
test loss :  0.7304529152810574
Performance:
Precision = 0.7109375 Recall = 0.7222222222222222 F1 = 0.716535433070866
ACC = 0.6936170212765957
--------------------------------------------------------------------
--------------------Epoch: 8----------------------
train loss: 0.1935767378327587
test loss :  0.7610648065805435
Performance:
Precision = 0.6707317073170732 Recall = 0.873015873015873 F1 = 0.7586206896551724
ACC = 0.7021276595744681
--------------------------------------------------------------------
--------------------Epoch: 9----------------------
train loss: 0.1757327845740703
test loss :  0.7218627095222473
Performance:
Precision = 0.6875 Recall = 0.7857142857142857 F1 = 0.7333333333333334
ACC = 0.6936170212765957
--------------------------------------------------------------------
--------------------Epoch: 10----------------------
train loss: 0.14801470326980756
test loss :  0.793278980255127
Performance:
Precision = 0.7 Recall = 0.7777777777777778 F1 = 0.7368421052631577
ACC = 0.7021276595744681
--------------------------------------------------------------------
--------------------Epoch: 11----------------------
train loss: 0.1364388197074614
test loss :  0.7732873573899269
Performance:
Precision = 0.7006802721088435 Recall = 0.8174603174603174 F1 = 0.7545787545787547
ACC = 0.7148936170212766
--------------------------------------------------------------------
--------------------Epoch: 12----------------------
train loss: 0.1166699587727987
test loss :  0.8427795112133026
Performance:
Precision = 0.7103448275862069 Recall = 0.8174603174603174 F1 = 0.7601476014760146
ACC = 0.723404255319149
--------------------------------------------------------------------
--------------------Epoch: 13----------------------
train loss: 0.11129730107683328
test loss :  0.8405490212142468
Performance:
Precision = 0.7522123893805309 Recall = 0.6746031746031746 F1 = 0.7112970711297072
ACC = 0.7063829787234043
--------------------------------------------------------------------
--------------------Epoch: 14----------------------
train loss: 0.0989580487291659
test loss :  0.8784231532365083
Performance:
Precision = 0.7583333333333333 Recall = 0.7222222222222222 F1 = 0.7398373983739837
ACC = 0.7276595744680852
--------------------------------------------------------------------
--------------------Epoch: 15----------------------
train loss: 0.08877972476259474
test loss :  0.8514085866510868
Performance:
Precision = 0.7459016393442623 Recall = 0.7222222222222222 F1 = 0.7338709677419354
ACC = 0.7191489361702128
--------------------------------------------------------------------
--------------------Epoch: 16----------------------
train loss: 0.10380862551861472
test loss :  0.8689407251775265
Performance:
Precision = 0.736 Recall = 0.7301587301587301 F1 = 0.7330677290836654
ACC = 0.7148936170212766
--------------------------------------------------------------------
--------------------Epoch: 17----------------------
train loss: 0.07618570333391789
test loss :  0.8674310550093651
Performance:
Precision = 0.7111111111111111 Recall = 0.7619047619047619 F1 = 0.735632183908046
ACC = 0.7063829787234043
--------------------------------------------------------------------
--------------------Epoch: 18----------------------
train loss: 0.06946163911432508
test loss :  0.9278219640254974
Performance:
Precision = 0.6923076923076923 Recall = 0.7857142857142857 F1 = 0.7360594795539033
ACC = 0.6978723404255319
--------------------------------------------------------------------
--------------------Epoch: 19----------------------
train loss: 0.09148124801070098
test loss :  0.9685606881976128
Performance:
Precision = 0.7032258064516129 Recall = 0.8650793650793651 F1 = 0.7758007117437723
ACC = 0.7319148936170212
--------------------------------------------------------------------
--------------------Epoch: 20----------------------
train loss: 0.07429866727644337
test loss :  0.9409979343414306
Performance:
Precision = 0.6933333333333334 Recall = 0.8253968253968254 F1 = 0.7536231884057971
ACC = 0.7106382978723405
--------------------------------------------------------------------
--------------------Epoch: 21----------------------
train loss: 0.068142204091043
test loss :  0.9152807474136353
Performance:
Precision = 0.7054794520547946 Recall = 0.8174603174603174 F1 = 0.7573529411764706
ACC = 0.7191489361702128
--------------------------------------------------------------------
--------------------Epoch: 22----------------------
train loss: 0.06208928353754022
test loss :  0.9967943668365479
Performance:
Precision = 0.6894409937888198 Recall = 0.8809523809523809 F1 = 0.7735191637630662
ACC = 0.723404255319149
--------------------------------------------------------------------
--------------------Epoch: 23----------------------
train loss: 0.06875271101542298
test loss :  0.9558867365121841
Performance:
Precision = 0.7142857142857143 Recall = 0.8333333333333334 F1 = 0.7692307692307692
ACC = 0.7319148936170212
--------------------------------------------------------------------
--------------------Epoch: 24----------------------
train loss: 0.060018545579007494
test loss :  0.9126919612288475
Performance:
Precision = 0.7092198581560284 Recall = 0.7936507936507936 F1 = 0.749063670411985
ACC = 0.7148936170212766
--------------------------------------------------------------------
--------------------Epoch: 25----------------------
train loss: 0.06168170949263919
test loss :  0.9365015491843224
Performance:
Precision = 0.7112676056338029 Recall = 0.8015873015873016 F1 = 0.7537313432835822
ACC = 0.7191489361702128
--------------------------------------------------------------------
--------------------Epoch: 26----------------------
train loss: 0.07473066354155421
test loss :  0.9447090372443199
Performance:
Precision = 0.7132867132867133 Recall = 0.8095238095238095 F1 = 0.7583643122676581
ACC = 0.723404255319149
--------------------------------------------------------------------
Train over!!!
Performance:
Precision = 0.7032258064516129 Recall = 0.8650793650793651 F1 = 0.7758007117437723
ACC = 0.7319148936170212
--------------------------------------------------------------------
