Num of training items is 703
Ratio of positive samples 0.47368421052631576
Num of test items is 235
Ratio of positive samples 0.5361702127659574
------------------------------------------------
original corpus contains 7519 words
final vocab contains 7523 words
--------------------Epoch: 0----------------------
train loss: 0.6313884818265515
test loss :  0.6894836097955703
Performance:
Precision = 0.5792682926829268 Recall = 0.753968253968254 F1 = 0.6551724137931034
ACC = 0.574468085106383
--------------------------------------------------------------------
--------------------Epoch: 1----------------------
train loss: 0.541187166686981
test loss :  0.6838615387678146
Performance:
Precision = 0.5671641791044776 Recall = 0.9047619047619048 F1 = 0.6972477064220184
ACC = 0.5787234042553191
--------------------------------------------------------------------
--------------------Epoch: 2----------------------
train loss: 0.4410038174640748
test loss :  0.677067193388939
Performance:
Precision = 0.5566037735849056 Recall = 0.9365079365079365 F1 = 0.6982248520710059
ACC = 0.5659574468085107
--------------------------------------------------------------------
--------------------Epoch: 3----------------------
train loss: 0.4138209200914829
test loss :  0.6684572756290436
Performance:
Precision = 0.5707317073170731 Recall = 0.9285714285714286 F1 = 0.7069486404833837
ACC = 0.5872340425531914
--------------------------------------------------------------------
--------------------Epoch: 4----------------------
train loss: 0.3625335387525059
test loss :  0.658115753531456
Performance:
Precision = 0.5968586387434555 Recall = 0.9047619047619048 F1 = 0.7192429022082019
ACC = 0.6212765957446809
--------------------------------------------------------------------
--------------------Epoch: 5----------------------
train loss: 0.2983613894170811
test loss :  0.6466309785842895
Performance:
Precision = 0.6010928961748634 Recall = 0.873015873015873 F1 = 0.7119741100323624
ACC = 0.6212765957446809
--------------------------------------------------------------------
--------------------Epoch: 6----------------------
train loss: 0.24886771648251002
test loss :  0.6343769609928132
Performance:
Precision = 0.6331360946745562 Recall = 0.8492063492063492 F1 = 0.7254237288135593
ACC = 0.6553191489361702
--------------------------------------------------------------------
--------------------Epoch: 7----------------------
train loss: 0.23512957707768486
test loss :  0.623139151930809
Performance:
Precision = 0.621301775147929 Recall = 0.8333333333333334 F1 = 0.711864406779661
ACC = 0.6382978723404256
--------------------------------------------------------------------
--------------------Epoch: 8----------------------
train loss: 0.1935767378327587
test loss :  0.6128059655427933
Performance:
Precision = 0.6257668711656442 Recall = 0.8095238095238095 F1 = 0.7058823529411764
ACC = 0.6382978723404256
--------------------------------------------------------------------
--------------------Epoch: 9----------------------
train loss: 0.1757327845740703
test loss :  0.6036187082529068
Performance:
Precision = 0.643312101910828 Recall = 0.8015873015873016 F1 = 0.7137809187279152
ACC = 0.6553191489361702
--------------------------------------------------------------------
--------------------Epoch: 10----------------------
train loss: 0.14801470326980756
test loss :  0.5962049171328545
Performance:
Precision = 0.6558441558441559 Recall = 0.8015873015873016 F1 = 0.7214285714285715
ACC = 0.6680851063829787
--------------------------------------------------------------------
--------------------Epoch: 11----------------------
train loss: 0.1364388197074614
test loss :  0.5901092275977134
Performance:
Precision = 0.6578947368421053 Recall = 0.7936507936507936 F1 = 0.7194244604316548
ACC = 0.6680851063829787
--------------------------------------------------------------------
--------------------Epoch: 12----------------------
train loss: 0.1166699587727987
test loss :  0.5873172655701637
Performance:
Precision = 0.6711409395973155 Recall = 0.7936507936507936 F1 = 0.7272727272727273
ACC = 0.6808510638297872
--------------------------------------------------------------------
--------------------Epoch: 13----------------------
train loss: 0.11129730107683328
test loss :  0.5878753677010536
Performance:
Precision = 0.678082191780822 Recall = 0.7857142857142857 F1 = 0.7279411764705882
ACC = 0.6851063829787234
--------------------------------------------------------------------
--------------------Epoch: 14----------------------
train loss: 0.0989580487291659
test loss :  0.5916265189647675
Performance:
Precision = 0.6875 Recall = 0.7857142857142857 F1 = 0.7333333333333334
ACC = 0.6936170212765957
--------------------------------------------------------------------
--------------------Epoch: 15----------------------
train loss: 0.08877972476259474
test loss :  0.5979632407426834
Performance:
Precision = 0.6956521739130435 Recall = 0.7619047619047619 F1 = 0.7272727272727272
ACC = 0.6936170212765957
--------------------------------------------------------------------
--------------------Epoch: 16----------------------
train loss: 0.10380862551861472
test loss :  0.6082153543829918
Performance:
Precision = 0.7205882352941176 Recall = 0.7777777777777778 F1 = 0.7480916030534351
ACC = 0.7191489361702128
--------------------------------------------------------------------
--------------------Epoch: 17----------------------
train loss: 0.07618570333391789
test loss :  0.6213965147733689
Performance:
Precision = 0.7185185185185186 Recall = 0.7698412698412699 F1 = 0.7432950191570882
ACC = 0.7148936170212766
--------------------------------------------------------------------
--------------------Epoch: 18----------------------
train loss: 0.06946163911432508
test loss :  0.6375529706478119
Performance:
Precision = 0.7226277372262774 Recall = 0.7857142857142857 F1 = 0.752851711026616
ACC = 0.723404255319149
--------------------------------------------------------------------
--------------------Epoch: 19----------------------
train loss: 0.09148124801070098
test loss :  0.6561556860804558
Performance:
Precision = 0.7214285714285714 Recall = 0.8015873015873016 F1 = 0.7593984962406015
ACC = 0.7276595744680852
--------------------------------------------------------------------
--------------------Epoch: 20----------------------
train loss: 0.07429866727644337
test loss :  0.6755686715245247
Performance:
Precision = 0.717391304347826 Recall = 0.7857142857142857 F1 = 0.75
ACC = 0.7191489361702128
--------------------------------------------------------------------
--------------------Epoch: 21----------------------
train loss: 0.068142204091043
test loss :  0.6941522568464279
Performance:
Precision = 0.7153284671532847 Recall = 0.7777777777777778 F1 = 0.7452471482889734
ACC = 0.7148936170212766
--------------------------------------------------------------------
--------------------Epoch: 22----------------------
train loss: 0.06208928353754022
test loss :  0.7115972951054573
Performance:
Precision = 0.7101449275362319 Recall = 0.7777777777777778 F1 = 0.7424242424242424
ACC = 0.7106382978723405
--------------------------------------------------------------------
--------------------Epoch: 23----------------------
train loss: 0.06875271101542298
test loss :  0.7295683577656746
Performance:
Precision = 0.7028985507246377 Recall = 0.7698412698412699 F1 = 0.7348484848484849
ACC = 0.7021276595744681
--------------------------------------------------------------------
--------------------Epoch: 24----------------------
train loss: 0.060018545579007494
test loss :  0.7477140054106712
Performance:
Precision = 0.7050359712230215 Recall = 0.7777777777777778 F1 = 0.7396226415094339
ACC = 0.7063829787234043
--------------------------------------------------------------------
--------------------Epoch: 25----------------------
train loss: 0.06168170949263919
test loss :  0.7644997760653496
Performance:
Precision = 0.7050359712230215 Recall = 0.7777777777777778 F1 = 0.7396226415094339
ACC = 0.7063829787234043
--------------------------------------------------------------------
--------------------Epoch: 26----------------------
train loss: 0.07473066354155421
test loss :  0.7836132019758224
Performance:
Precision = 0.7071428571428572 Recall = 0.7857142857142857 F1 = 0.7443609022556391
ACC = 0.7106382978723405
--------------------------------------------------------------------
Train over!!!
Performance:
Precision = 0.7214285714285714 Recall = 0.8015873015873016 F1 = 0.7593984962406015
ACC = 0.7276595744680852
--------------------------------------------------------------------
