Num of training items is 703
Ratio of positive samples 0.47368421052631576
Num of test items is 235
Ratio of positive samples 0.5361702127659574
------------------------------------------------
original corpus contains 7519 words
final vocab contains 7523 words
--------------------Epoch: 0----------------------
train loss: 0.6476275988163487
test loss :  0.6918765872716903
Performance:
Precision = 0.6 Recall = 0.5476190476190477 F1 = 0.5726141078838175
ACC = 0.5617021276595745
--------------------------------------------------------------------
--------------------Epoch: 1----------------------
train loss: 0.6195430976729239
test loss :  0.6892486661672592
Performance:
Precision = 0.5857988165680473 Recall = 0.7857142857142857 F1 = 0.6711864406779661
ACC = 0.5872340425531914
--------------------------------------------------------------------
--------------------Epoch: 2----------------------
train loss: 0.5508970906657558
test loss :  0.6854405134916306
Performance:
Precision = 0.5594059405940595 Recall = 0.8968253968253969 F1 = 0.6890243902439026
ACC = 0.5659574468085107
--------------------------------------------------------------------
--------------------Epoch: 3----------------------
train loss: 0.525617016659629
test loss :  0.6810208946466446
Performance:
Precision = 0.5539906103286385 Recall = 0.9365079365079365 F1 = 0.6961651917404129
ACC = 0.5617021276595745
--------------------------------------------------------------------
--------------------Epoch: 4----------------------
train loss: 0.4703737648744737
test loss :  0.6757637709379196
Performance:
Precision = 0.5627906976744186 Recall = 0.9603174603174603 F1 = 0.7096774193548387
ACC = 0.5787234042553191
--------------------------------------------------------------------
--------------------Epoch: 5----------------------
train loss: 0.43824159978858884
test loss :  0.6697480529546738
Performance:
Precision = 0.5781990521327014 Recall = 0.9682539682539683 F1 = 0.7240356083086052
ACC = 0.6042553191489362
--------------------------------------------------------------------
--------------------Epoch: 6----------------------
train loss: 0.39745511691416463
test loss :  0.6633836537599563
Performance:
Precision = 0.583732057416268 Recall = 0.9682539682539683 F1 = 0.7283582089552239
ACC = 0.6127659574468085
--------------------------------------------------------------------
--------------------Epoch: 7----------------------
train loss: 0.360471943092923
test loss :  0.6562815874814987
Performance:
Precision = 0.5951219512195122 Recall = 0.9682539682539683 F1 = 0.7371601208459213
ACC = 0.6297872340425532
--------------------------------------------------------------------
--------------------Epoch: 8----------------------
train loss: 0.34675680052849556
test loss :  0.6489626228809356
Performance:
Precision = 0.6019900497512438 Recall = 0.9603174603174603 F1 = 0.7400611620795107
ACC = 0.6382978723404256
--------------------------------------------------------------------
--------------------Epoch: 9----------------------
train loss: 0.33007559504720474
test loss :  0.6415448129177094
Performance:
Precision = 0.6060606060606061 Recall = 0.9523809523809523 F1 = 0.7407407407407407
ACC = 0.6425531914893617
--------------------------------------------------------------------
--------------------Epoch: 10----------------------
train loss: 0.27762377274132544
test loss :  0.6347234696149826
Performance:
Precision = 0.6122448979591837 Recall = 0.9523809523809523 F1 = 0.7453416149068324
ACC = 0.6510638297872341
--------------------------------------------------------------------
--------------------Epoch: 11----------------------
train loss: 0.253017243778994
test loss :  0.6288229793310165
Performance:
Precision = 0.6122448979591837 Recall = 0.9523809523809523 F1 = 0.7453416149068324
ACC = 0.6510638297872341
--------------------------------------------------------------------
--------------------Epoch: 12----------------------
train loss: 0.3110077795722792
test loss :  0.623782342672348
Performance:
Precision = 0.6134020618556701 Recall = 0.9444444444444444 F1 = 0.74375
ACC = 0.6510638297872341
--------------------------------------------------------------------
--------------------Epoch: 13----------------------
train loss: 0.2346024720839435
test loss :  0.6206682115793228
Performance:
Precision = 0.616580310880829 Recall = 0.9444444444444444 F1 = 0.7460815047021943
ACC = 0.6553191489361702
--------------------------------------------------------------------
--------------------Epoch: 14----------------------
train loss: 0.2396897485539798
test loss :  0.6190046206116676
Performance:
Precision = 0.616580310880829 Recall = 0.9444444444444444 F1 = 0.7460815047021943
ACC = 0.6553191489361702
--------------------------------------------------------------------
--------------------Epoch: 15----------------------
train loss: 0.23781059147609818
test loss :  0.6187388986349106
Performance:
Precision = 0.6113989637305699 Recall = 0.9365079365079365 F1 = 0.7398119122257052
ACC = 0.6468085106382979
--------------------------------------------------------------------
--------------------Epoch: 16----------------------
train loss: 0.2069135600280377
test loss :  0.6200719222426414
Performance:
Precision = 0.6145833333333334 Recall = 0.9365079365079365 F1 = 0.7421383647798743
ACC = 0.6510638297872341
--------------------------------------------------------------------
--------------------Epoch: 17----------------------
train loss: 0.18713828440635435
test loss :  0.6233030050992966
Performance:
Precision = 0.6178010471204188 Recall = 0.9365079365079365 F1 = 0.7444794952681387
ACC = 0.6553191489361702
--------------------------------------------------------------------
--------------------Epoch: 18----------------------
train loss: 0.21821629832829198
test loss :  0.6282054916024208
Performance:
Precision = 0.6157894736842106 Recall = 0.9285714285714286 F1 = 0.740506329113924
ACC = 0.6510638297872341
--------------------------------------------------------------------
--------------------Epoch: 19----------------------
train loss: 0.19774475861941615
test loss :  0.6354100599884986
Performance:
Precision = 0.6157894736842106 Recall = 0.9285714285714286 F1 = 0.740506329113924
ACC = 0.6510638297872341
--------------------------------------------------------------------
--------------------Epoch: 20----------------------
train loss: 0.21437893513469927
test loss :  0.6435500115156174
Performance:
Precision = 0.6137566137566137 Recall = 0.9206349206349206 F1 = 0.7365079365079364
ACC = 0.6468085106382979
--------------------------------------------------------------------
Train over!!!
Performance:
Precision = 0.616580310880829 Recall = 0.9444444444444444 F1 = 0.7460815047021943
ACC = 0.6553191489361702
--------------------------------------------------------------------
