Num of training items is 703
Ratio of positive samples 0.47368421052631576
Num of test items is 235
Ratio of positive samples 0.5361702127659574
------------------------------------------------
original corpus contains 7519 words
final vocab contains 7523 words
--------------------Epoch: 0----------------------
train loss: 0.6226807585166346
test loss :  0.7445623829960824
Performance:
Precision = 0.569377990430622 Recall = 0.9444444444444444 F1 = 0.7104477611940299
ACC = 0.5872340425531914
--------------------------------------------------------------------
--------------------Epoch: 1----------------------
train loss: 0.4938752920396866
test loss :  0.6613361611962318
Performance:
Precision = 0.6388888888888888 Recall = 0.9126984126984127 F1 = 0.7516339869281047
ACC = 0.676595744680851
--------------------------------------------------------------------
--------------------Epoch: 2----------------------
train loss: 0.3684699629703837
test loss :  0.8327167138457299
Performance:
Precision = 0.6223404255319149 Recall = 0.9285714285714286 F1 = 0.7452229299363058
ACC = 0.6595744680851063
--------------------------------------------------------------------
--------------------Epoch: 3----------------------
train loss: 0.3082161677640773
test loss :  0.80097117125988
Performance:
Precision = 0.6457142857142857 Recall = 0.8968253968253969 F1 = 0.7508305647840531
ACC = 0.6808510638297872
--------------------------------------------------------------------
--------------------Epoch: 4----------------------
train loss: 0.25909526003224237
test loss :  0.6871922969818115
Performance:
Precision = 0.7583333333333333 Recall = 0.7222222222222222 F1 = 0.7398373983739837
ACC = 0.7276595744680852
--------------------------------------------------------------------
--------------------Epoch: 5----------------------
train loss: 0.155839002293144
test loss :  1.103974202275276
Performance:
Precision = 0.6368715083798883 Recall = 0.9047619047619048 F1 = 0.7475409836065574
ACC = 0.6723404255319149
--------------------------------------------------------------------
--------------------Epoch: 6----------------------
train loss: 0.138828179355891
test loss :  0.8717139661312103
Performance:
Precision = 0.6688311688311688 Recall = 0.8174603174603174 F1 = 0.7357142857142857
ACC = 0.6851063829787234
--------------------------------------------------------------------
--------------------Epoch: 7----------------------
train loss: 0.11117206680994
test loss :  0.9222533151507377
Performance:
Precision = 0.6666666666666666 Recall = 0.7936507936507936 F1 = 0.7246376811594203
ACC = 0.676595744680851
--------------------------------------------------------------------
--------------------Epoch: 8----------------------
train loss: 0.09081249493324468
test loss :  0.9597405090928077
Performance:
Precision = 0.7074829931972789 Recall = 0.8253968253968254 F1 = 0.7619047619047618
ACC = 0.723404255319149
--------------------------------------------------------------------
--------------------Epoch: 9----------------------
train loss: 0.08092930986200489
test loss :  1.2242888174951077
Performance:
Precision = 0.6686390532544378 Recall = 0.8968253968253969 F1 = 0.7661016949152543
ACC = 0.7063829787234043
--------------------------------------------------------------------
--------------------Epoch: 10----------------------
train loss: 0.0682765983867519
test loss :  1.3035493925213815
Performance:
Precision = 0.6666666666666666 Recall = 0.8888888888888888 F1 = 0.761904761904762
ACC = 0.7021276595744681
--------------------------------------------------------------------
--------------------Epoch: 11----------------------
train loss: 0.054699237779488846
test loss :  1.529766847193241
Performance:
Precision = 0.6229508196721312 Recall = 0.9047619047619048 F1 = 0.7378640776699029
ACC = 0.6553191489361702
--------------------------------------------------------------------
--------------------Epoch: 12----------------------
train loss: 0.06132872074545782
test loss :  1.1606396332383155
Performance:
Precision = 0.6878980891719745 Recall = 0.8571428571428571 F1 = 0.763250883392226
ACC = 0.7148936170212766
--------------------------------------------------------------------
--------------------Epoch: 13----------------------
train loss: 0.04972489716977092
test loss :  1.644060316681862
Performance:
Precision = 0.6324324324324324 Recall = 0.9285714285714286 F1 = 0.7524115755627009
ACC = 0.6723404255319149
--------------------------------------------------------------------
--------------------Epoch: 14----------------------
train loss: 0.03810170805363375
test loss :  1.4790976792573929
Performance:
Precision = 0.6547619047619048 Recall = 0.873015873015873 F1 = 0.7482993197278912
ACC = 0.6851063829787234
--------------------------------------------------------------------
--------------------Epoch: 15----------------------
train loss: 0.04136687000338439
test loss :  1.6794292777776718
Performance:
Precision = 0.6312849162011173 Recall = 0.8968253968253969 F1 = 0.7409836065573769
ACC = 0.6638297872340425
--------------------------------------------------------------------
--------------------Epoch: 16----------------------
train loss: 0.029858553807453943
test loss :  1.5382423669099807
Performance:
Precision = 0.6529411764705882 Recall = 0.8809523809523809 F1 = 0.75
ACC = 0.6851063829787234
--------------------------------------------------------------------
Train over!!!
Performance:
Precision = 0.6686390532544378 Recall = 0.8968253968253969 F1 = 0.7661016949152543
ACC = 0.7063829787234043
--------------------------------------------------------------------
