Num of training items is 360
Ratio of positive samples 0.49444444444444446
Num of test items is 100
Ratio of positive samples 0.52
------------------------------------------------
--------------------Epoch: 0----------------------
train loss: 0.7563515094018751
test loss :  0.6610411273108588
Performance:
Precision = 0.6521739130434783 Recall = 0.8653846153846154 F1 = 0.743801652892562
ACC = 0.69
--------------------------------------------------------------------
--------------------Epoch: 1----------------------
train loss: 0.5995312381175256
test loss :  0.6839127474360995
Performance:
Precision = 0.5416666666666666 Recall = 1.0 F1 = 0.7027027027027027
ACC = 0.56
--------------------------------------------------------------------
--------------------Epoch: 2----------------------
train loss: 0.5695067182663949
test loss :  0.6676656073994107
Performance:
Precision = 0.5862068965517241 Recall = 0.9807692307692307 F1 = 0.7338129496402878
ACC = 0.63
--------------------------------------------------------------------
--------------------Epoch: 3----------------------
train loss: 0.5300374579045081
test loss :  0.6252473261621263
Performance:
Precision = 0.6875 Recall = 0.8461538461538461 F1 = 0.7586206896551724
ACC = 0.72
--------------------------------------------------------------------
--------------------Epoch: 4----------------------
train loss: 0.46013442643227115
test loss :  0.6726628144582113
Performance:
Precision = 0.6724137931034483 Recall = 0.75 F1 = 0.709090909090909
ACC = 0.68
--------------------------------------------------------------------
--------------------Epoch: 5----------------------
train loss: 0.41150096443391615
test loss :  0.7077882223659091
Performance:
Precision = 0.6885245901639344 Recall = 0.8076923076923077 F1 = 0.743362831858407
ACC = 0.71
--------------------------------------------------------------------
--------------------Epoch: 6----------------------
train loss: 0.3527705193527283
test loss :  0.7849848932690091
Performance:
Precision = 0.723404255319149 Recall = 0.6538461538461539 F1 = 0.6868686868686869
ACC = 0.69
--------------------------------------------------------------------
--------------------Epoch: 7----------------------
train loss: 0.29863123980260664
test loss :  0.7845596637990739
Performance:
Precision = 0.6716417910447762 Recall = 0.8653846153846154 F1 = 0.7563025210084034
ACC = 0.71
--------------------------------------------------------------------
--------------------Epoch: 8----------------------
train loss: 0.2519840977845653
test loss :  0.8650873767005073
Performance:
Precision = 0.6617647058823529 Recall = 0.8653846153846154 F1 = 0.75
ACC = 0.7
--------------------------------------------------------------------
--------------------Epoch: 9----------------------
train loss: 0.2629964837143498
test loss :  0.811992327372233
Performance:
Precision = 0.7090909090909091 Recall = 0.75 F1 = 0.7289719626168225
ACC = 0.71
--------------------------------------------------------------------
--------------------Epoch: 10----------------------
train loss: 0.22578926672858576
test loss :  0.8707169592380524
Performance:
Precision = 0.640625 Recall = 0.7884615384615384 F1 = 0.7068965517241379
ACC = 0.66
--------------------------------------------------------------------
Train over!!!
Performance:
Precision = 0.6875 Recall = 0.8461538461538461 F1 = 0.7586206896551724
ACC = 0.72
--------------------------------------------------------------------
