Num of training items is 360
Ratio of positive samples 0.49444444444444446
Num of test items is 100
Ratio of positive samples 0.52
------------------------------------------------
--------------------Epoch: 0----------------------
train loss: 0.6659831629424798
test loss :  0.6807941529485915
Performance:
Precision = 0.5252525252525253 Recall = 1.0 F1 = 0.6887417218543047
ACC = 0.53
--------------------------------------------------------------------
--------------------Epoch: 1----------------------
train loss: 0.6033258447881604
test loss :  0.6731240020857917
Performance:
Precision = 0.5652173913043478 Recall = 1.0 F1 = 0.7222222222222222
ACC = 0.6
--------------------------------------------------------------------
--------------------Epoch: 2----------------------
train loss: 0.5053672194480896
test loss :  0.6193539599577585
Performance:
Precision = 0.7391304347826086 Recall = 0.6538461538461539 F1 = 0.693877551020408
ACC = 0.7
--------------------------------------------------------------------
--------------------Epoch: 3----------------------
train loss: 0.3826641186338956
test loss :  0.6693775488270653
Performance:
Precision = 0.7192982456140351 Recall = 0.7884615384615384 F1 = 0.7522935779816514
ACC = 0.73
--------------------------------------------------------------------
--------------------Epoch: 4----------------------
train loss: 0.2923130170732248
test loss :  0.7711542778544955
Performance:
Precision = 0.6376811594202898 Recall = 0.8461538461538461 F1 = 0.7272727272727273
ACC = 0.67
--------------------------------------------------------------------
--------------------Epoch: 5----------------------
train loss: 0.22895339009214621
test loss :  0.799049801296658
Performance:
Precision = 0.7192982456140351 Recall = 0.7884615384615384 F1 = 0.7522935779816514
ACC = 0.73
--------------------------------------------------------------------
--------------------Epoch: 6----------------------
train loss: 0.21016906055270648
test loss :  0.8005117707782321
Performance:
Precision = 0.7647058823529411 Recall = 0.75 F1 = 0.7572815533980582
ACC = 0.75
--------------------------------------------------------------------
--------------------Epoch: 7----------------------
train loss: 0.20499078904996154
test loss :  0.8122238119443258
Performance:
Precision = 0.6981132075471698 Recall = 0.7115384615384616 F1 = 0.7047619047619047
ACC = 0.69
--------------------------------------------------------------------
--------------------Epoch: 8----------------------
train loss: 0.20111225789687673
test loss :  0.7687652938895755
Performance:
Precision = 0.7017543859649122 Recall = 0.7692307692307693 F1 = 0.7339449541284404
ACC = 0.71
--------------------------------------------------------------------
--------------------Epoch: 9----------------------
train loss: 0.200590258983315
test loss :  0.7968530787361993
Performance:
Precision = 0.74 Recall = 0.7115384615384616 F1 = 0.7254901960784313
ACC = 0.72
--------------------------------------------------------------------
--------------------Epoch: 10----------------------
train loss: 0.19977640372807862
test loss :  0.8022885918617249
Performance:
Precision = 0.7272727272727273 Recall = 0.7692307692307693 F1 = 0.7476635514018691
ACC = 0.73
--------------------------------------------------------------------
--------------------Epoch: 11----------------------
train loss: 0.19944700110154073
test loss :  0.8822979662153456
Performance:
Precision = 0.6666666666666666 Recall = 0.7692307692307693 F1 = 0.7142857142857142
ACC = 0.68
--------------------------------------------------------------------
--------------------Epoch: 12----------------------
train loss: 0.19909171979935442
test loss :  0.8466330104404025
Performance:
Precision = 0.7222222222222222 Recall = 0.75 F1 = 0.7358490566037735
ACC = 0.72
--------------------------------------------------------------------
--------------------Epoch: 13----------------------
train loss: 0.19917242497694296
test loss :  0.8848117457495795
Performance:
Precision = 0.6909090909090909 Recall = 0.7307692307692307 F1 = 0.7102803738317757
ACC = 0.69
--------------------------------------------------------------------
Train over!!!
Performance:
Precision = 0.7647058823529411 Recall = 0.75 F1 = 0.7572815533980582
ACC = 0.75
--------------------------------------------------------------------
