Num of training items is 360
Ratio of positive samples 0.49444444444444446
Num of test items is 100
Ratio of positive samples 0.52
------------------------------------------------
--------------------Epoch: 0----------------------
train loss: 0.6299894168728688
test loss :  0.6891602840688493
Performance:
Precision = 0.6025641025641025 Recall = 0.9038461538461539 F1 = 0.7230769230769231
ACC = 0.64
--------------------------------------------------------------------
--------------------Epoch: 1----------------------
train loss: 0.43167587333038204
test loss :  0.7771602438555824
Performance:
Precision = 0.6923076923076923 Recall = 0.6923076923076923 F1 = 0.6923076923076923
ACC = 0.68
--------------------------------------------------------------------
--------------------Epoch: 2----------------------
train loss: 0.31832809477555946
test loss :  0.7554649809996287
Performance:
Precision = 0.6896551724137931 Recall = 0.7692307692307693 F1 = 0.7272727272727274
ACC = 0.7
--------------------------------------------------------------------
--------------------Epoch: 3----------------------
train loss: 0.2461095635519653
test loss :  0.9649259514278836
Performance:
Precision = 0.6721311475409836 Recall = 0.7884615384615384 F1 = 0.7256637168141593
ACC = 0.69
--------------------------------------------------------------------
--------------------Epoch: 4----------------------
train loss: 0.21619417066456842
test loss :  0.90801473458608
Performance:
Precision = 0.7090909090909091 Recall = 0.75 F1 = 0.7289719626168225
ACC = 0.71
--------------------------------------------------------------------
--------------------Epoch: 5----------------------
train loss: 0.2038340038451992
test loss :  0.9610806306203207
Performance:
Precision = 0.7090909090909091 Recall = 0.75 F1 = 0.7289719626168225
ACC = 0.71
--------------------------------------------------------------------
--------------------Epoch: 6----------------------
train loss: 0.20069239862629626
test loss :  0.9688741630978055
Performance:
Precision = 0.7017543859649122 Recall = 0.7692307692307693 F1 = 0.7339449541284404
ACC = 0.71
--------------------------------------------------------------------
--------------------Epoch: 7----------------------
train loss: 0.19993584395432082
test loss :  0.99813887808058
Performance:
Precision = 0.7017543859649122 Recall = 0.7692307692307693 F1 = 0.7339449541284404
ACC = 0.71
--------------------------------------------------------------------
--------------------Epoch: 8----------------------
train loss: 0.19963113352900647
test loss :  0.9800150526894463
Performance:
Precision = 0.7017543859649122 Recall = 0.7692307692307693 F1 = 0.7339449541284404
ACC = 0.71
--------------------------------------------------------------------
--------------------Epoch: 9----------------------
train loss: 0.2012963475751095
test loss :  1.0807961490419176
Performance:
Precision = 0.6268656716417911 Recall = 0.8076923076923077 F1 = 0.7058823529411765
ACC = 0.65
--------------------------------------------------------------------
--------------------Epoch: 10----------------------
train loss: 0.20961210473639066
test loss :  0.8978284398714701
Performance:
Precision = 0.7090909090909091 Recall = 0.75 F1 = 0.7289719626168225
ACC = 0.71
--------------------------------------------------------------------
--------------------Epoch: 11----------------------
train loss: 0.19994335829234514
test loss :  0.9875178668234084
Performance:
Precision = 0.65 Recall = 0.75 F1 = 0.6964285714285715
ACC = 0.66
--------------------------------------------------------------------
--------------------Epoch: 12----------------------
train loss: 0.1992152753423472
test loss :  1.0006788306766086
Performance:
Precision = 0.6785714285714286 Recall = 0.7307692307692307 F1 = 0.7037037037037038
ACC = 0.68
--------------------------------------------------------------------
--------------------Epoch: 13----------------------
train loss: 0.1990729587488487
test loss :  1.030035548739963
Performance:
Precision = 0.6610169491525424 Recall = 0.75 F1 = 0.7027027027027027
ACC = 0.67
--------------------------------------------------------------------
Train over!!!
Performance:
Precision = 0.7017543859649122 Recall = 0.7692307692307693 F1 = 0.7339449541284404
ACC = 0.71
--------------------------------------------------------------------
