Num of training items is 360
Ratio of positive samples 0.49444444444444446
Num of test items is 100
Ratio of positive samples 0.52
------------------------------------------------
--------------------Epoch: 0----------------------
train loss: 0.7694259728154829
test loss :  1.1397274798817105
Performance:
Precision = 0.5588235294117647 Recall = 0.7307692307692307 F1 = 0.6333333333333334
ACC = 0.56
--------------------------------------------------------------------
--------------------Epoch: 1----------------------
train loss: 0.5533280478369805
test loss :  1.1092811756663852
Performance:
Precision = 0.5428571428571428 Recall = 0.7307692307692307 F1 = 0.6229508196721311
ACC = 0.54
--------------------------------------------------------------------
--------------------Epoch: 2----------------------
train loss: 0.44089267138511906
test loss :  1.0836533374256558
Performance:
Precision = 0.5492957746478874 Recall = 0.75 F1 = 0.6341463414634145
ACC = 0.55
--------------------------------------------------------------------
--------------------Epoch: 3----------------------
train loss: 0.40199549832651693
test loss :  1.0623094903098211
Performance:
Precision = 0.5555555555555556 Recall = 0.7692307692307693 F1 = 0.6451612903225806
ACC = 0.56
--------------------------------------------------------------------
--------------------Epoch: 4----------------------
train loss: 0.308183120143029
test loss :  1.043794744544559
Performance:
Precision = 0.5675675675675675 Recall = 0.8076923076923077 F1 = 0.6666666666666666
ACC = 0.58
--------------------------------------------------------------------
--------------------Epoch: 5----------------------
train loss: 0.25265905212971473
test loss :  1.0279143518871732
Performance:
Precision = 0.5733333333333334 Recall = 0.8269230769230769 F1 = 0.6771653543307086
ACC = 0.59
--------------------------------------------------------------------
--------------------Epoch: 6----------------------
train loss: 0.2728924621497431
test loss :  1.0153774089283414
Performance:
Precision = 0.5733333333333334 Recall = 0.8269230769230769 F1 = 0.6771653543307086
ACC = 0.59
--------------------------------------------------------------------
--------------------Epoch: 7----------------------
train loss: 0.2121799155589073
test loss :  1.0031156341234844
Performance:
Precision = 0.5657894736842105 Recall = 0.8269230769230769 F1 = 0.671875
ACC = 0.58
--------------------------------------------------------------------
--------------------Epoch: 8----------------------
train loss: 0.20340673048650065
test loss :  0.9917757776048448
Performance:
Precision = 0.5657894736842105 Recall = 0.8269230769230769 F1 = 0.671875
ACC = 0.58
--------------------------------------------------------------------
--------------------Epoch: 9----------------------
train loss: 0.2084765919754582
test loss :  0.9807786411709256
Performance:
Precision = 0.5714285714285714 Recall = 0.8461538461538461 F1 = 0.6821705426356589
ACC = 0.59
--------------------------------------------------------------------
--------------------Epoch: 10----------------------
train loss: 0.22098963010695674
test loss :  0.9688684675428603
Performance:
Precision = 0.5769230769230769 Recall = 0.8653846153846154 F1 = 0.6923076923076923
ACC = 0.6
--------------------------------------------------------------------
--------------------Epoch: 11----------------------
train loss: 0.21964332413288853
test loss :  0.959542453289032
Performance:
Precision = 0.5844155844155844 Recall = 0.8653846153846154 F1 = 0.6976744186046512
ACC = 0.61
--------------------------------------------------------------------
--------------------Epoch: 12----------------------
train loss: 0.21431914644856606
test loss :  0.9488833248615265
Performance:
Precision = 0.5844155844155844 Recall = 0.8653846153846154 F1 = 0.6976744186046512
ACC = 0.61
--------------------------------------------------------------------
--------------------Epoch: 13----------------------
train loss: 0.2016986406618549
test loss :  0.9403163327111138
Performance:
Precision = 0.5769230769230769 Recall = 0.8653846153846154 F1 = 0.6923076923076923
ACC = 0.6
--------------------------------------------------------------------
--------------------Epoch: 14----------------------
train loss: 0.20066422897000466
test loss :  0.9309294985400306
Performance:
Precision = 0.5769230769230769 Recall = 0.8653846153846154 F1 = 0.6923076923076923
ACC = 0.6
--------------------------------------------------------------------
--------------------Epoch: 15----------------------
train loss: 0.2043935819979637
test loss :  0.9207377731800079
Performance:
Precision = 0.569620253164557 Recall = 0.8653846153846154 F1 = 0.6870229007633588
ACC = 0.59
--------------------------------------------------------------------
--------------------Epoch: 16----------------------
train loss: 0.20567087108089077
test loss :  0.91121815972858
Performance:
Precision = 0.5641025641025641 Recall = 0.8461538461538461 F1 = 0.676923076923077
ACC = 0.58
--------------------------------------------------------------------
--------------------Epoch: 17----------------------
train loss: 0.19977006941072403
test loss :  0.902126305633121
Performance:
Precision = 0.5714285714285714 Recall = 0.8461538461538461 F1 = 0.6821705426356589
ACC = 0.59
--------------------------------------------------------------------
--------------------Epoch: 18----------------------
train loss: 0.20012367252380617
test loss :  0.8935734596517351
Performance:
Precision = 0.5714285714285714 Recall = 0.8461538461538461 F1 = 0.6821705426356589
ACC = 0.59
--------------------------------------------------------------------
Train over!!!
Performance:
Precision = 0.5844155844155844 Recall = 0.8653846153846154 F1 = 0.6976744186046512
ACC = 0.61
--------------------------------------------------------------------
