Num of training items is 360
Ratio of positive samples 0.49444444444444446
Num of test items is 100
Ratio of positive samples 0.52
------------------------------------------------
--------------------Epoch: 0----------------------
train loss: 0.6299894168728688
test loss :  1.1062163710594177
Performance:
Precision = 0.5507246376811594 Recall = 0.7307692307692307 F1 = 0.628099173553719
ACC = 0.55
--------------------------------------------------------------------
--------------------Epoch: 1----------------------
train loss: 0.43167587333038204
test loss :  1.052199383576711
Performance:
Precision = 0.5428571428571428 Recall = 0.7307692307692307 F1 = 0.6229508196721311
ACC = 0.54
--------------------------------------------------------------------
--------------------Epoch: 2----------------------
train loss: 0.31832809477555946
test loss :  1.0148234499825373
Performance:
Precision = 0.5555555555555556 Recall = 0.7692307692307693 F1 = 0.6451612903225806
ACC = 0.56
--------------------------------------------------------------------
--------------------Epoch: 3----------------------
train loss: 0.2461095635519653
test loss :  0.9753268626001146
Performance:
Precision = 0.5633802816901409 Recall = 0.7692307692307693 F1 = 0.6504065040650407
ACC = 0.57
--------------------------------------------------------------------
--------------------Epoch: 4----------------------
train loss: 0.21619417066456842
test loss :  0.9435052010748122
Performance:
Precision = 0.5616438356164384 Recall = 0.7884615384615384 F1 = 0.6560000000000001
ACC = 0.57
--------------------------------------------------------------------
--------------------Epoch: 5----------------------
train loss: 0.2038340038451992
test loss :  0.9143654174274869
Performance:
Precision = 0.5616438356164384 Recall = 0.7884615384615384 F1 = 0.6560000000000001
ACC = 0.57
--------------------------------------------------------------------
--------------------Epoch: 6----------------------
train loss: 0.20069239862629626
test loss :  0.8875406185785929
Performance:
Precision = 0.5694444444444444 Recall = 0.7884615384615384 F1 = 0.661290322580645
ACC = 0.58
--------------------------------------------------------------------
--------------------Epoch: 7----------------------
train loss: 0.19993584395432082
test loss :  0.8631361855400933
Performance:
Precision = 0.5833333333333334 Recall = 0.8076923076923077 F1 = 0.6774193548387097
ACC = 0.6
--------------------------------------------------------------------
--------------------Epoch: 8----------------------
train loss: 0.19963113352900647
test loss :  0.8410811689164903
Performance:
Precision = 0.5753424657534246 Recall = 0.8076923076923077 F1 = 0.672
ACC = 0.59
--------------------------------------------------------------------
--------------------Epoch: 9----------------------
train loss: 0.2012963475751095
test loss :  0.8189396791987948
Performance:
Precision = 0.5833333333333334 Recall = 0.8076923076923077 F1 = 0.6774193548387097
ACC = 0.6
--------------------------------------------------------------------
--------------------Epoch: 10----------------------
train loss: 0.20961210473639066
test loss :  0.8079703383975558
Performance:
Precision = 0.589041095890411 Recall = 0.8269230769230769 F1 = 0.6880000000000001
ACC = 0.61
--------------------------------------------------------------------
--------------------Epoch: 11----------------------
train loss: 0.19994335829234514
test loss :  0.7981216311454773
Performance:
Precision = 0.5972222222222222 Recall = 0.8269230769230769 F1 = 0.6935483870967742
ACC = 0.62
--------------------------------------------------------------------
--------------------Epoch: 12----------------------
train loss: 0.1992152753423472
test loss :  0.7881558272573683
Performance:
Precision = 0.6027397260273972 Recall = 0.8461538461538461 F1 = 0.7040000000000001
ACC = 0.63
--------------------------------------------------------------------
--------------------Epoch: 13----------------------
train loss: 0.1990729587488487
test loss :  0.7834380401505364
Performance:
Precision = 0.5972222222222222 Recall = 0.8269230769230769 F1 = 0.6935483870967742
ACC = 0.62
--------------------------------------------------------------------
--------------------Epoch: 14----------------------
train loss: 0.19922778401218477
test loss :  0.7838245630264282
Performance:
Precision = 0.6197183098591549 Recall = 0.8461538461538461 F1 = 0.7154471544715447
ACC = 0.65
--------------------------------------------------------------------
--------------------Epoch: 15----------------------
train loss: 0.20530350506305695
test loss :  0.788729319969813
Performance:
Precision = 0.6428571428571429 Recall = 0.8653846153846154 F1 = 0.7377049180327869
ACC = 0.68
--------------------------------------------------------------------
--------------------Epoch: 16----------------------
train loss: 0.2055451298346285
test loss :  0.7956828739908006
Performance:
Precision = 0.6567164179104478 Recall = 0.8461538461538461 F1 = 0.7394957983193277
ACC = 0.69
--------------------------------------------------------------------
--------------------Epoch: 17----------------------
train loss: 0.20052689997876277
test loss :  0.8079097635216184
Performance:
Precision = 0.6567164179104478 Recall = 0.8461538461538461 F1 = 0.7394957983193277
ACC = 0.69
--------------------------------------------------------------------
--------------------Epoch: 18----------------------
train loss: 0.1989018372336372
test loss :  0.8219119641515944
Performance:
Precision = 0.6461538461538462 Recall = 0.8076923076923077 F1 = 0.717948717948718
ACC = 0.67
--------------------------------------------------------------------
--------------------Epoch: 19----------------------
train loss: 0.1989632549344516
test loss :  0.8374697599146101
Performance:
Precision = 0.6507936507936508 Recall = 0.7884615384615384 F1 = 0.7130434782608696
ACC = 0.67
--------------------------------------------------------------------
--------------------Epoch: 20----------------------
train loss: 0.19885531385413935
test loss :  0.8540318740738763
Performance:
Precision = 0.6507936507936508 Recall = 0.7884615384615384 F1 = 0.7130434782608696
ACC = 0.67
--------------------------------------------------------------------
--------------------Epoch: 21----------------------
train loss: 0.19882824161990745
test loss :  0.871657070186403
Performance:
Precision = 0.6507936507936508 Recall = 0.7884615384615384 F1 = 0.7130434782608696
ACC = 0.67
--------------------------------------------------------------------
--------------------Epoch: 22----------------------
train loss: 0.19880050933751903
test loss :  0.8897662162780762
Performance:
Precision = 0.6507936507936508 Recall = 0.7884615384615384 F1 = 0.7130434782608696
ACC = 0.67
--------------------------------------------------------------------
--------------------Epoch: 23----------------------
train loss: 0.19877776479134796
test loss :  0.9078763590918647
Performance:
Precision = 0.640625 Recall = 0.7884615384615384 F1 = 0.7068965517241379
ACC = 0.66
--------------------------------------------------------------------
Train over!!!
Performance:
Precision = 0.6567164179104478 Recall = 0.8461538461538461 F1 = 0.7394957983193277
ACC = 0.69
--------------------------------------------------------------------
